[4.07.2018]Error load Emps: Попытка десериализации пустого потока.
[4.07.2018]Error load Emps: Попытка десериализации пустого потока.
[4.07.2018]Error load Emps: Попытка десериализации пустого потока.
[5.07.2018]Error write Excel Индекс находился вне границ массива.
[5.07.2018]Error write Excel Индекс находился вне границ массива.
[5.07.2018]Error write Excel Индекс находился вне границ массива.
[5.07.2018]Error write Excel Индекс находился вне границ массива.
[5.07.2018]Error write Excel Индекс находился вне границ массива.
[5.07.2018]Error write Excel Индекс находился вне границ массива.
[5.07.2018(16:12)]Error write Excel Индекс за пределами диапазона. Индекс должен быть положительным числом, а его размер не должен превышать размер коллекции.
Имя параметра: index
[5.07.2018(16:13)]Error write Excel Индекс за пределами диапазона. Индекс должен быть положительным числом, а его размер не должен превышать размер коллекции.
Имя параметра: index
[5.07.2018(16:15)]Error write Excel Индекс за пределами диапазона. Индекс должен быть положительным числом, а его размер не должен превышать размер коллекции.
Имя параметра: index
[5.07.2018(16:15)]Error write Excel Индекс за пределами диапазона. Индекс должен быть положительным числом, а его размер не должен превышать размер коллекции.
Имя параметра: index
[5.07.2018(16:17)]Error write Excel Адресат вызова создал исключение.
[10.07.2018(09:47)]Error write Excel Индекс за пределами диапазона. Индекс должен быть положительным числом, а его размер не должен превышать размер коллекции.
Имя параметра: index
